#! /usr/bin/vvp
:ivl_version "11.0 (stable)";
:ivl_delay_selection "TYPICAL";
:vpi_time_precision - 12;
:vpi_module "/usr/lib/aarch64-linux-gnu/ivl/system.vpi";
:vpi_module "/usr/lib/aarch64-linux-gnu/ivl/vhdl_sys.vpi";
:vpi_module "/usr/lib/aarch64-linux-gnu/ivl/vhdl_textio.vpi";
:vpi_module "/usr/lib/aarch64-linux-gnu/ivl/v2005_math.vpi";
:vpi_module "/usr/lib/aarch64-linux-gnu/ivl/va_math.vpi";
S_0x559d8d9d50 .scope module, "SignExtender" "SignExtender" 2 4;
 .timescale -9 -12;
    .port_info 0 /OUTPUT 64 "BusImm";
    .port_info 1 /INPUT 26 "Imm26";
    .port_info 2 /INPUT 2 "Ctrl";
v0x559d8d9f70_0 .var "BusImm", 63 0;
o0x7faf6fb048 .functor BUFZ 2, C4<zz>; HiZ drive
v0x559d924760_0 .net "Ctrl", 1 0, o0x7faf6fb048;  0 drivers
o0x7faf6fb078 .functor BUFZ 26, C4<zzzzzzzzzzzzzzzzzzzzzzzzzz>; HiZ drive
v0x559d924840_0 .net "Imm26", 25 0, o0x7faf6fb078;  0 drivers
v0x559d924900_0 .var "extBit", 0 0;
E_0x559d8da790 .event edge, v0x559d924840_0, v0x559d924760_0;
    .scope S_0x559d8d9d50;
T_0 ;
    %wait E_0x559d8da790;
    %load/vec4 v0x559d924760_0;
    %dup/vec4;
    %pushi/vec4 0, 0, 2;
    %cmp/u;
    %jmp/1 T_0.0, 6;
    %dup/vec4;
    %pushi/vec4 1, 0, 2;
    %cmp/u;
    %jmp/1 T_0.1, 6;
    %dup/vec4;
    %pushi/vec4 2, 0, 2;
    %cmp/u;
    %jmp/1 T_0.2, 6;
    %dup/vec4;
    %pushi/vec4 3, 0, 2;
    %cmp/u;
    %jmp/1 T_0.3, 6;
    %jmp T_0.4;
T_0.0 ;
    %pushi/vec4 0, 0, 1;
    %store/vec4 v0x559d924900_0, 0, 1;
    %load/vec4 v0x559d924900_0;
    %replicate 52;
    %load/vec4 v0x559d924840_0;
    %parti/s 12, 10, 5;
    %concat/vec4; draw_concat_vec4
    %store/vec4 v0x559d8d9f70_0, 0, 64;
    %jmp T_0.4;
T_0.1 ;
    %load/vec4 v0x559d924840_0;
    %parti/s 1, 20, 6;
    %store/vec4 v0x559d924900_0, 0, 1;
    %load/vec4 v0x559d924900_0;
    %replicate 55;
    %load/vec4 v0x559d924840_0;
    %parti/s 9, 12, 5;
    %concat/vec4; draw_concat_vec4
    %store/vec4 v0x559d8d9f70_0, 0, 64;
    %jmp T_0.4;
T_0.2 ;
    %load/vec4 v0x559d924840_0;
    %parti/s 1, 25, 6;
    %store/vec4 v0x559d924900_0, 0, 1;
    %load/vec4 v0x559d924900_0;
    %replicate 38;
    %load/vec4 v0x559d924840_0;
    %concat/vec4; draw_concat_vec4
    %store/vec4 v0x559d8d9f70_0, 0, 64;
    %jmp T_0.4;
T_0.3 ;
    %load/vec4 v0x559d924840_0;
    %parti/s 1, 23, 6;
    %store/vec4 v0x559d924900_0, 0, 1;
    %load/vec4 v0x559d924900_0;
    %replicate 45;
    %load/vec4 v0x559d924840_0;
    %parti/s 19, 5, 4;
    %concat/vec4; draw_concat_vec4
    %store/vec4 v0x559d8d9f70_0, 0, 64;
    %jmp T_0.4;
T_0.4 ;
    %pop/vec4 1;
    %jmp T_0;
    .thread T_0, $push;
# The file index is used to find the file name in the following table.
:file_names 3;
    "N/A";
    "<interactive>";
    "SignExtender.v";
